pygame 2.6.1 (SDL 2.28.4, Python 3.12.7)
Hello from the pygame community. https://www.pygame.org/contribute.html
Traceback (most recent call last):
  File "/home/beanfrog/fooph-projects/Python/projects/hangman/hangman.py", line 212, in on_letter_click
    self.on_draw()
TypeError: Hangman.on_draw() missing 2 required positional arguments: 'widget' and 'cr'
Traceback (most recent call last):
  File "/home/beanfrog/fooph-projects/Python/projects/hangman/hangman.py", line 212, in on_letter_click
    self.on_draw()
TypeError: Hangman.on_draw() missing 2 required positional arguments: 'widget' and 'cr'
Traceback (most recent call last):
  File "/home/beanfrog/fooph-projects/Python/projects/hangman/hangman.py", line 212, in on_letter_click
    self.on_draw()
TypeError: Hangman.on_draw() missing 2 required positional arguments: 'widget' and 'cr'
Traceback (most recent call last):
  File "/home/beanfrog/fooph-projects/Python/projects/hangman/hangman.py", line 212, in on_letter_click
    self.on_draw()
TypeError: Hangman.on_draw() missing 2 required positional arguments: 'widget' and 'cr'
Traceback (most recent call last):
  File "/home/beanfrog/fooph-projects/Python/projects/hangman/hangman.py", line 212, in on_letter_click
    self.on_draw()
TypeError: Hangman.on_draw() missing 2 required positional arguments: 'widget' and 'cr'
Traceback (most recent call last):
  File "/home/beanfrog/fooph-projects/Python/projects/hangman/hangman.py", line 212, in on_letter_click
    self.on_draw()
TypeError: Hangman.on_draw() missing 2 required positional arguments: 'widget' and 'cr'
pygame 2.6.1 (SDL 2.28.4, Python 3.12.7)
Hello from the pygame community. https://www.pygame.org/contribute.html
